<?xml version="1.0" encoding="UTF-8"?>
<!-- Generated by org.testng.reporters.JUnitReportReporter -->
<testsuite skipped="0" hostname="Mac-mini.local" name="org.springframework.test.context.cache.ClassLevelDirtiesContextTestNGTests$ClassLevelDirtiesContextWithAfterEachTestMethodModeTestCase" tests="3" failures="0" timestamp="04 Sep 2020 09:29:16 GMT" time="0.030" errors="0">
  <testcase name="verifyContextWasAutowired1" time="0.024" classname="org.springframework.test.context.cache.ClassLevelDirtiesContextTestNGTests$ClassLevelDirtiesContextWithAfterEachTestMethodModeTestCase"/>
  <testcase name="verifyContextWasAutowired2" time="0.001" classname="org.springframework.test.context.cache.ClassLevelDirtiesContextTestNGTests$ClassLevelDirtiesContextWithAfterEachTestMethodModeTestCase"/>
  <testcase name="verifyContextWasAutowired3" time="0.005" classname="org.springframework.test.context.cache.ClassLevelDirtiesContextTestNGTests$ClassLevelDirtiesContextWithAfterEachTestMethodModeTestCase"/>
</testsuite> <!-- org.springframework.test.context.cache.ClassLevelDirtiesContextTestNGTests$ClassLevelDirtiesContextWithAfterEachTestMethodModeTestCase -->
